nohup: ignoring input

  .   ____          _            __ _ _
 /\\ / ___'_ __ _ _(_)_ __  __ _ \ \ \ \
( ( )\___ | '_ | '_| | '_ \/ _` | \ \ \ \
 \\/  ___)| |_)| | | | | || (_| |  ) ) ) )
  '  |____| .__|_| |_|_| |_\__, | / / / /
 =========|_|==============|___/=/_/_/_/

 :: Spring Boot ::                (v4.0.5)

2026-05-13T15:09:30.765+05:00  INFO 194213 --- [workly-bot] [           main] c.a.worklybot.WorklyBotApplication       : Starting WorklyBotApplication v0.0.1-SNAPSHOT using Java 21.0.10 with PID 194213 (/home/ubuntu/workly-bot/target/workly-bot-0.0.1-SNAPSHOT.jar started by ubuntu in /home/ubuntu/workly-bot)
2026-05-13T15:09:30.774+05:00  INFO 194213 --- [workly-bot] [           main] c.a.worklybot.WorklyBotApplication       : No active profile set, falling back to 1 default profile: "default"
2026-05-13T15:09:32.618+05:00  INFO 194213 --- [workly-bot] [           main] .s.d.r.c.RepositoryConfigurationDelegate : Bootstrapping Spring Data JPA repositories in DEFAULT mode.
2026-05-13T15:09:32.742+05:00  INFO 194213 --- [workly-bot] [           main] .s.d.r.c.RepositoryConfigurationDelegate : Finished Spring Data repository scanning in 103 ms. Found 6 JPA repository interfaces.
2026-05-13T15:09:33.911+05:00  INFO 194213 --- [workly-bot] [           main] o.s.boot.tomcat.TomcatWebServer          : Tomcat initialized with port 8080 (http)
2026-05-13T15:09:33.942+05:00  INFO 194213 --- [workly-bot] [           main] o.apache.catalina.core.StandardService   : Starting service [Tomcat]
2026-05-13T15:09:33.943+05:00  INFO 194213 --- [workly-bot] [           main] o.apache.catalina.core.StandardEngine    : Starting Servlet engine: [Apache Tomcat/11.0.20]
2026-05-13T15:09:33.998+05:00  INFO 194213 --- [workly-bot] [           main] b.w.c.s.WebApplicationContextInitializer : Root WebApplicationContext: initialization completed in 3015 ms
2026-05-13T15:09:34.363+05:00  INFO 194213 --- [workly-bot] [           main] org.hibernate.orm.jpa                    : HHH008540: Processing PersistenceUnitInfo [name: default]
2026-05-13T15:09:34.508+05:00  INFO 194213 --- [workly-bot] [           main] org.hibernate.orm.core                   : HHH000001: Hibernate ORM core version 7.2.7.Final
2026-05-13T15:09:35.368+05:00  INFO 194213 --- [workly-bot] [           main] o.s.o.j.p.SpringPersistenceUnitInfo      : No LoadTimeWeaver setup: ignoring JPA class transformer
2026-05-13T15:09:35.425+05:00  INFO 194213 --- [workly-bot] [           main] com.zaxxer.hikari.HikariDataSource       : HikariPool-1 - Starting...
2026-05-13T15:09:36.325+05:00  INFO 194213 --- [workly-bot] [           main] com.zaxxer.hikari.pool.HikariPool        : HikariPool-1 - Added connection org.postgresql.jdbc.PgConnection@72ceafeb
2026-05-13T15:09:36.327+05:00  INFO 194213 --- [workly-bot] [           main] com.zaxxer.hikari.HikariDataSource       : HikariPool-1 - Start completed.
2026-05-13T15:09:36.564+05:00  INFO 194213 --- [workly-bot] [           main] org.hibernate.orm.connections.pooling    : HHH10001005: Database info:
	Database JDBC URL [jdbc:postgresql://localhost:5432/telegrambot]
	Database driver: PostgreSQL JDBC Driver
	Database dialect: PostgreSQLDialect
	Database version: 16.13
	Default catalog/schema: telegrambot/public
	Autocommit mode: undefined/unknown
	Isolation level: READ_COMMITTED [default READ_COMMITTED]
	JDBC fetch size: none
	Pool: DataSourceConnectionProvider
	Minimum pool size: undefined/unknown
	Maximum pool size: undefined/unknown
2026-05-13T15:09:38.868+05:00  INFO 194213 --- [workly-bot] [           main] org.hibernate.orm.core                   : HHH000489: No JTA platform available (set 'hibernate.transaction.jta.platform' to enable JTA platform integration)
2026-05-13T15:09:39.066+05:00  INFO 194213 --- [workly-bot] [           main] j.LocalContainerEntityManagerFactoryBean : Initialized JPA EntityManagerFactory for persistence unit 'default'
2026-05-13T15:09:39.300+05:00  INFO 194213 --- [workly-bot] [           main] o.s.d.j.r.query.QueryEnhancerFactories   : Hibernate is in classpath; If applicable, HQL parser will be used.
2026-05-13T15:09:39.917+05:00  INFO 194213 --- [workly-bot] [           main] c.a.w.config.DatabaseSchemaInitializer   : Ensuring database schema for custom runtime tables and columns
2026-05-13T15:09:41.311+05:00  INFO 194213 --- [workly-bot] [           main] o.t.telegrambots.longpolling.BotSession  : Result when calling deleteWebhook: true
2026-05-13T15:09:41.373+05:00  INFO 194213 --- [workly-bot] [           main] o.s.boot.tomcat.TomcatWebServer          : Tomcat started on port 8080 (http) with context path '/'
2026-05-13T15:09:41.393+05:00  INFO 194213 --- [workly-bot] [           main] c.a.worklybot.WorklyBotApplication       : Started WorklyBotApplication in 11.708 seconds (process running for 13.131)
